2013/06/06 19:41:59 [error] [exception.CException] exception 'CException' with message '属性 "SiteController.no_visible_elements" 未被定义.' in D:\wamp\www\yii\framework\base\CComponent.php:173
Stack trace:
#0 D:\wamp\www\yii_admin\protected\admin\views\site\login.php(5): CComponent->__set('no_visible_elem...', true)
#1 D:\wamp\www\yii\framework\web\CBaseController.php(126): require('D:\wamp\www\yii...')
#2 D:\wamp\www\yii\framework\web\CBaseController.php(95): CBaseController->renderInternal('D:\wamp\www\yii...', Array, true)
#3 D:\wamp\www\yii\framework\web\CController.php(869): CBaseController->renderFile('D:\wamp\www\yii...', Array, true)
#4 D:\wamp\www\yii\framework\web\CController.php(782): CController->renderPartial('login', Array, true)
#5 D:\wamp\www\yii_admin\protected\admin\controllers\SiteController.php(114): CController->render('login', Array)
#6 D:\wamp\www\yii\framework\web\actions\CInlineAction.php(49): SiteController->actionLogin()
#7 D:\wamp\www\yii\framework\web\CController.php(308): CInlineAction->runWithParams(Array)
#8 D:\wamp\www\yii\framework\web\filters\CFilterChain.php(133): CController->runAction(Object(CInlineAction))
#9 D:\wamp\www\yii\framework\web\filters\CFilter.php(40): CFilterChain->run()
#10 D:\wamp\www\yii\framework\web\CController.php(1146): CFilter->filter(Object(CFilterChain))
#11 D:\wamp\www\yii\framework\web\filters\CInlineFilter.php(58): CController->filterAccessControl(Object(CFilterChain))
#12 D:\wamp\www\yii\framework\web\filters\CFilterChain.php(130): CInlineFilter->filter(Object(CFilterChain))
#13 D:\wamp\www\yii\framework\web\CController.php(291): CFilterChain->run()
#14 D:\wamp\www\yii\framework\web\CController.php(265): CController->runActionWithFilters(Object(CInlineAction), Array)
#15 D:\wamp\www\yii\framework\web\CWebApplication.php(282): CController->run('login')
#16 D:\wamp\www\yii\framework\web\CWebApplication.php(141): CWebApplication->runController('site/login')
#17 D:\wamp\www\yii\framework\base\CApplication.php(169): CWebApplication->processRequest()
#18 D:\wamp\www\yii_admin\admin.php(13): CApplication->run()
#19 {main}
REQUEST_URI=/yii_admin/admin.php?r=site/login
HTTP_REFERER=http://localhost/yii_admin/admin.php?r=backendUser
---
2013/06/06 19:42:02 [error] [exception.CException] exception 'CException' with message '属性 "SiteController.no_visible_elements" 未被定义.' in D:\wamp\www\yii\framework\base\CComponent.php:173
Stack trace:
#0 D:\wamp\www\yii_admin\protected\admin\views\site\login.php(5): CComponent->__set('no_visible_elem...', true)
#1 D:\wamp\www\yii\framework\web\CBaseController.php(126): require('D:\wamp\www\yii...')
#2 D:\wamp\www\yii\framework\web\CBaseController.php(95): CBaseController->renderInternal('D:\wamp\www\yii...', Array, true)
#3 D:\wamp\www\yii\framework\web\CController.php(869): CBaseController->renderFile('D:\wamp\www\yii...', Array, true)
#4 D:\wamp\www\yii\framework\web\CController.php(782): CController->renderPartial('login', Array, true)
#5 D:\wamp\www\yii_admin\protected\admin\controllers\SiteController.php(114): CController->render('login', Array)
#6 D:\wamp\www\yii\framework\web\actions\CInlineAction.php(49): SiteController->actionLogin()
#7 D:\wamp\www\yii\framework\web\CController.php(308): CInlineAction->runWithParams(Array)
#8 D:\wamp\www\yii\framework\web\filters\CFilterChain.php(133): CController->runAction(Object(CInlineAction))
#9 D:\wamp\www\yii\framework\web\filters\CFilter.php(40): CFilterChain->run()
#10 D:\wamp\www\yii\framework\web\CController.php(1146): CFilter->filter(Object(CFilterChain))
#11 D:\wamp\www\yii\framework\web\filters\CInlineFilter.php(58): CController->filterAccessControl(Object(CFilterChain))
#12 D:\wamp\www\yii\framework\web\filters\CFilterChain.php(130): CInlineFilter->filter(Object(CFilterChain))
#13 D:\wamp\www\yii\framework\web\CController.php(291): CFilterChain->run()
#14 D:\wamp\www\yii\framework\web\CController.php(265): CController->runActionWithFilters(Object(CInlineAction), Array)
#15 D:\wamp\www\yii\framework\web\CWebApplication.php(282): CController->run('login')
#16 D:\wamp\www\yii\framework\web\CWebApplication.php(141): CWebApplication->runController('site/login')
#17 D:\wamp\www\yii\framework\base\CApplication.php(169): CWebApplication->processRequest()
#18 D:\wamp\www\yii_admin\admin.php(13): CApplication->run()
#19 {main}
REQUEST_URI=/yii_admin/admin.php?r=site/login
HTTP_REFERER=http://localhost/yii_admin/admin.php?r=backendUser
---
2013/06/06 19:42:03 [error] [exception.CException] exception 'CException' with message '属性 "SiteController.no_visible_elements" 未被定义.' in D:\wamp\www\yii\framework\base\CComponent.php:173
Stack trace:
#0 D:\wamp\www\yii_admin\protected\admin\views\site\login.php(5): CComponent->__set('no_visible_elem...', true)
#1 D:\wamp\www\yii\framework\web\CBaseController.php(126): require('D:\wamp\www\yii...')
#2 D:\wamp\www\yii\framework\web\CBaseController.php(95): CBaseController->renderInternal('D:\wamp\www\yii...', Array, true)
#3 D:\wamp\www\yii\framework\web\CController.php(869): CBaseController->renderFile('D:\wamp\www\yii...', Array, true)
#4 D:\wamp\www\yii\framework\web\CController.php(782): CController->renderPartial('login', Array, true)
#5 D:\wamp\www\yii_admin\protected\admin\controllers\SiteController.php(114): CController->render('login', Array)
#6 D:\wamp\www\yii\framework\web\actions\CInlineAction.php(49): SiteController->actionLogin()
#7 D:\wamp\www\yii\framework\web\CController.php(308): CInlineAction->runWithParams(Array)
#8 D:\wamp\www\yii\framework\web\filters\CFilterChain.php(133): CController->runAction(Object(CInlineAction))
#9 D:\wamp\www\yii\framework\web\filters\CFilter.php(40): CFilterChain->run()
#10 D:\wamp\www\yii\framework\web\CController.php(1146): CFilter->filter(Object(CFilterChain))
#11 D:\wamp\www\yii\framework\web\filters\CInlineFilter.php(58): CController->filterAccessControl(Object(CFilterChain))
#12 D:\wamp\www\yii\framework\web\filters\CFilterChain.php(130): CInlineFilter->filter(Object(CFilterChain))
#13 D:\wamp\www\yii\framework\web\CController.php(291): CFilterChain->run()
#14 D:\wamp\www\yii\framework\web\CController.php(265): CController->runActionWithFilters(Object(CInlineAction), Array)
#15 D:\wamp\www\yii\framework\web\CWebApplication.php(282): CController->run('login')
#16 D:\wamp\www\yii\framework\web\CWebApplication.php(141): CWebApplication->runController('site/login')
#17 D:\wamp\www\yii\framework\base\CApplication.php(169): CWebApplication->processRequest()
#18 D:\wamp\www\yii_admin\admin.php(13): CApplication->run()
#19 {main}
REQUEST_URI=/yii_admin/admin.php?r=site/login
HTTP_REFERER=http://localhost/yii_admin/admin.php?r=backendUser
---
2013/06/06 19:42:04 [error] [exception.CException] exception 'CException' with message '属性 "SiteController.no_visible_elements" 未被定义.' in D:\wamp\www\yii\framework\base\CComponent.php:173
Stack trace:
#0 D:\wamp\www\yii_admin\protected\admin\views\site\login.php(5): CComponent->__set('no_visible_elem...', true)
#1 D:\wamp\www\yii\framework\web\CBaseController.php(126): require('D:\wamp\www\yii...')
#2 D:\wamp\www\yii\framework\web\CBaseController.php(95): CBaseController->renderInternal('D:\wamp\www\yii...', Array, true)
#3 D:\wamp\www\yii\framework\web\CController.php(869): CBaseController->renderFile('D:\wamp\www\yii...', Array, true)
#4 D:\wamp\www\yii\framework\web\CController.php(782): CController->renderPartial('login', Array, true)
#5 D:\wamp\www\yii_admin\protected\admin\controllers\SiteController.php(114): CController->render('login', Array)
#6 D:\wamp\www\yii\framework\web\actions\CInlineAction.php(49): SiteController->actionLogin()
#7 D:\wamp\www\yii\framework\web\CController.php(308): CInlineAction->runWithParams(Array)
#8 D:\wamp\www\yii\framework\web\filters\CFilterChain.php(133): CController->runAction(Object(CInlineAction))
#9 D:\wamp\www\yii\framework\web\filters\CFilter.php(40): CFilterChain->run()
#10 D:\wamp\www\yii\framework\web\CController.php(1146): CFilter->filter(Object(CFilterChain))
#11 D:\wamp\www\yii\framework\web\filters\CInlineFilter.php(58): CController->filterAccessControl(Object(CFilterChain))
#12 D:\wamp\www\yii\framework\web\filters\CFilterChain.php(130): CInlineFilter->filter(Object(CFilterChain))
#13 D:\wamp\www\yii\framework\web\CController.php(291): CFilterChain->run()
#14 D:\wamp\www\yii\framework\web\CController.php(265): CController->runActionWithFilters(Object(CInlineAction), Array)
#15 D:\wamp\www\yii\framework\web\CWebApplication.php(282): CController->run('login')
#16 D:\wamp\www\yii\framework\web\CWebApplication.php(141): CWebApplication->runController('site/login')
#17 D:\wamp\www\yii\framework\base\CApplication.php(169): CWebApplication->processRequest()
#18 D:\wamp\www\yii_admin\admin.php(13): CApplication->run()
#19 {main}
REQUEST_URI=/yii_admin/admin.php?r=site/login
HTTP_REFERER=http://localhost/yii_admin/admin.php?r=backendUser
---
2013/06/06 19:42:05 [error] [exception.CException] exception 'CException' with message '属性 "SiteController.no_visible_elements" 未被定义.' in D:\wamp\www\yii\framework\base\CComponent.php:173
Stack trace:
#0 D:\wamp\www\yii_admin\protected\admin\views\site\login.php(5): CComponent->__set('no_visible_elem...', true)
#1 D:\wamp\www\yii\framework\web\CBaseController.php(126): require('D:\wamp\www\yii...')
#2 D:\wamp\www\yii\framework\web\CBaseController.php(95): CBaseController->renderInternal('D:\wamp\www\yii...', Array, true)
#3 D:\wamp\www\yii\framework\web\CController.php(869): CBaseController->renderFile('D:\wamp\www\yii...', Array, true)
#4 D:\wamp\www\yii\framework\web\CController.php(782): CController->renderPartial('login', Array, true)
#5 D:\wamp\www\yii_admin\protected\admin\controllers\SiteController.php(114): CController->render('login', Array)
#6 D:\wamp\www\yii\framework\web\actions\CInlineAction.php(49): SiteController->actionLogin()
#7 D:\wamp\www\yii\framework\web\CController.php(308): CInlineAction->runWithParams(Array)
#8 D:\wamp\www\yii\framework\web\filters\CFilterChain.php(133): CController->runAction(Object(CInlineAction))
#9 D:\wamp\www\yii\framework\web\filters\CFilter.php(40): CFilterChain->run()
#10 D:\wamp\www\yii\framework\web\CController.php(1146): CFilter->filter(Object(CFilterChain))
#11 D:\wamp\www\yii\framework\web\filters\CInlineFilter.php(58): CController->filterAccessControl(Object(CFilterChain))
#12 D:\wamp\www\yii\framework\web\filters\CFilterChain.php(130): CInlineFilter->filter(Object(CFilterChain))
#13 D:\wamp\www\yii\framework\web\CController.php(291): CFilterChain->run()
#14 D:\wamp\www\yii\framework\web\CController.php(265): CController->runActionWithFilters(Object(CInlineAction), Array)
#15 D:\wamp\www\yii\framework\web\CWebApplication.php(282): CController->run('login')
#16 D:\wamp\www\yii\framework\web\CWebApplication.php(141): CWebApplication->runController('site/login')
#17 D:\wamp\www\yii\framework\base\CApplication.php(169): CWebApplication->processRequest()
#18 D:\wamp\www\yii_admin\admin.php(13): CApplication->run()
#19 {main}
REQUEST_URI=/yii_admin/admin.php?r=site/login
HTTP_REFERER=http://localhost/yii_admin/admin.php?r=backendUser
---
2013/06/06 19:42:06 [error] [exception.CException] exception 'CException' with message '属性 "SiteController.no_visible_elements" 未被定义.' in D:\wamp\www\yii\framework\base\CComponent.php:173
Stack trace:
#0 D:\wamp\www\yii_admin\protected\admin\views\site\login.php(5): CComponent->__set('no_visible_elem...', true)
#1 D:\wamp\www\yii\framework\web\CBaseController.php(126): require('D:\wamp\www\yii...')
#2 D:\wamp\www\yii\framework\web\CBaseController.php(95): CBaseController->renderInternal('D:\wamp\www\yii...', Array, true)
#3 D:\wamp\www\yii\framework\web\CController.php(869): CBaseController->renderFile('D:\wamp\www\yii...', Array, true)
#4 D:\wamp\www\yii\framework\web\CController.php(782): CController->renderPartial('login', Array, true)
#5 D:\wamp\www\yii_admin\protected\admin\controllers\SiteController.php(114): CController->render('login', Array)
#6 D:\wamp\www\yii\framework\web\actions\CInlineAction.php(49): SiteController->actionLogin()
#7 D:\wamp\www\yii\framework\web\CController.php(308): CInlineAction->runWithParams(Array)
#8 D:\wamp\www\yii\framework\web\filters\CFilterChain.php(133): CController->runAction(Object(CInlineAction))
#9 D:\wamp\www\yii\framework\web\filters\CFilter.php(40): CFilterChain->run()
#10 D:\wamp\www\yii\framework\web\CController.php(1146): CFilter->filter(Object(CFilterChain))
#11 D:\wamp\www\yii\framework\web\filters\CInlineFilter.php(58): CController->filterAccessControl(Object(CFilterChain))
#12 D:\wamp\www\yii\framework\web\filters\CFilterChain.php(130): CInlineFilter->filter(Object(CFilterChain))
#13 D:\wamp\www\yii\framework\web\CController.php(291): CFilterChain->run()
#14 D:\wamp\www\yii\framework\web\CController.php(265): CController->runActionWithFilters(Object(CInlineAction), Array)
#15 D:\wamp\www\yii\framework\web\CWebApplication.php(282): CController->run('login')
#16 D:\wamp\www\yii\framework\web\CWebApplication.php(141): CWebApplication->runController('site/login')
#17 D:\wamp\www\yii\framework\base\CApplication.php(169): CWebApplication->processRequest()
#18 D:\wamp\www\yii_admin\admin.php(13): CApplication->run()
#19 {main}
REQUEST_URI=/yii_admin/admin.php?r=site/login
HTTP_REFERER=http://localhost/yii_admin/admin.php?r=backendUser
---
2013/06/06 19:42:07 [error] [exception.CException] exception 'CException' with message '属性 "SiteController.no_visible_elements" 未被定义.' in D:\wamp\www\yii\framework\base\CComponent.php:173
Stack trace:
#0 D:\wamp\www\yii_admin\protected\admin\views\site\login.php(5): CComponent->__set('no_visible_elem...', true)
#1 D:\wamp\www\yii\framework\web\CBaseController.php(126): require('D:\wamp\www\yii...')
#2 D:\wamp\www\yii\framework\web\CBaseController.php(95): CBaseController->renderInternal('D:\wamp\www\yii...', Array, true)
#3 D:\wamp\www\yii\framework\web\CController.php(869): CBaseController->renderFile('D:\wamp\www\yii...', Array, true)
#4 D:\wamp\www\yii\framework\web\CController.php(782): CController->renderPartial('login', Array, true)
#5 D:\wamp\www\yii_admin\protected\admin\controllers\SiteController.php(114): CController->render('login', Array)
#6 D:\wamp\www\yii\framework\web\actions\CInlineAction.php(49): SiteController->actionLogin()
#7 D:\wamp\www\yii\framework\web\CController.php(308): CInlineAction->runWithParams(Array)
#8 D:\wamp\www\yii\framework\web\filters\CFilterChain.php(133): CController->runAction(Object(CInlineAction))
#9 D:\wamp\www\yii\framework\web\filters\CFilter.php(40): CFilterChain->run()
#10 D:\wamp\www\yii\framework\web\CController.php(1146): CFilter->filter(Object(CFilterChain))
#11 D:\wamp\www\yii\framework\web\filters\CInlineFilter.php(58): CController->filterAccessControl(Object(CFilterChain))
#12 D:\wamp\www\yii\framework\web\filters\CFilterChain.php(130): CInlineFilter->filter(Object(CFilterChain))
#13 D:\wamp\www\yii\framework\web\CController.php(291): CFilterChain->run()
#14 D:\wamp\www\yii\framework\web\CController.php(265): CController->runActionWithFilters(Object(CInlineAction), Array)
#15 D:\wamp\www\yii\framework\web\CWebApplication.php(282): CController->run('login')
#16 D:\wamp\www\yii\framework\web\CWebApplication.php(141): CWebApplication->runController('site/login')
#17 D:\wamp\www\yii\framework\base\CApplication.php(169): CWebApplication->processRequest()
#18 D:\wamp\www\yii_admin\admin.php(13): CApplication->run()
#19 {main}
REQUEST_URI=/yii_admin/admin.php?r=site/login
HTTP_REFERER=http://localhost/yii_admin/admin.php?r=backendUser
---
2013/06/06 19:42:08 [error] [exception.CException] exception 'CException' with message '属性 "SiteController.no_visible_elements" 未被定义.' in D:\wamp\www\yii\framework\base\CComponent.php:173
Stack trace:
#0 D:\wamp\www\yii_admin\protected\admin\views\site\login.php(5): CComponent->__set('no_visible_elem...', true)
#1 D:\wamp\www\yii\framework\web\CBaseController.php(126): require('D:\wamp\www\yii...')
#2 D:\wamp\www\yii\framework\web\CBaseController.php(95): CBaseController->renderInternal('D:\wamp\www\yii...', Array, true)
#3 D:\wamp\www\yii\framework\web\CController.php(869): CBaseController->renderFile('D:\wamp\www\yii...', Array, true)
#4 D:\wamp\www\yii\framework\web\CController.php(782): CController->renderPartial('login', Array, true)
#5 D:\wamp\www\yii_admin\protected\admin\controllers\SiteController.php(114): CController->render('login', Array)
#6 D:\wamp\www\yii\framework\web\actions\CInlineAction.php(49): SiteController->actionLogin()
#7 D:\wamp\www\yii\framework\web\CController.php(308): CInlineAction->runWithParams(Array)
#8 D:\wamp\www\yii\framework\web\filters\CFilterChain.php(133): CController->runAction(Object(CInlineAction))
#9 D:\wamp\www\yii\framework\web\filters\CFilter.php(40): CFilterChain->run()
#10 D:\wamp\www\yii\framework\web\CController.php(1146): CFilter->filter(Object(CFilterChain))
#11 D:\wamp\www\yii\framework\web\filters\CInlineFilter.php(58): CController->filterAccessControl(Object(CFilterChain))
#12 D:\wamp\www\yii\framework\web\filters\CFilterChain.php(130): CInlineFilter->filter(Object(CFilterChain))
#13 D:\wamp\www\yii\framework\web\CController.php(291): CFilterChain->run()
#14 D:\wamp\www\yii\framework\web\CController.php(265): CController->runActionWithFilters(Object(CInlineAction), Array)
#15 D:\wamp\www\yii\framework\web\CWebApplication.php(282): CController->run('login')
#16 D:\wamp\www\yii\framework\web\CWebApplication.php(141): CWebApplication->runController('site/login')
#17 D:\wamp\www\yii\framework\base\CApplication.php(169): CWebApplication->processRequest()
#18 D:\wamp\www\yii_admin\admin.php(13): CApplication->run()
#19 {main}
REQUEST_URI=/yii_admin/admin.php?r=site/login
HTTP_REFERER=http://localhost/yii_admin/admin.php?r=backendUser
---
2013/06/06 19:42:08 [error] [exception.CException] exception 'CException' with message '属性 "SiteController.no_visible_elements" 未被定义.' in D:\wamp\www\yii\framework\base\CComponent.php:173
Stack trace:
#0 D:\wamp\www\yii_admin\protected\admin\views\site\login.php(5): CComponent->__set('no_visible_elem...', true)
#1 D:\wamp\www\yii\framework\web\CBaseController.php(126): require('D:\wamp\www\yii...')
#2 D:\wamp\www\yii\framework\web\CBaseController.php(95): CBaseController->renderInternal('D:\wamp\www\yii...', Array, true)
#3 D:\wamp\www\yii\framework\web\CController.php(869): CBaseController->renderFile('D:\wamp\www\yii...', Array, true)
#4 D:\wamp\www\yii\framework\web\CController.php(782): CController->renderPartial('login', Array, true)
#5 D:\wamp\www\yii_admin\protected\admin\controllers\SiteController.php(114): CController->render('login', Array)
#6 D:\wamp\www\yii\framework\web\actions\CInlineAction.php(49): SiteController->actionLogin()
#7 D:\wamp\www\yii\framework\web\CController.php(308): CInlineAction->runWithParams(Array)
#8 D:\wamp\www\yii\framework\web\filters\CFilterChain.php(133): CController->runAction(Object(CInlineAction))
#9 D:\wamp\www\yii\framework\web\filters\CFilter.php(40): CFilterChain->run()
#10 D:\wamp\www\yii\framework\web\CController.php(1146): CFilter->filter(Object(CFilterChain))
#11 D:\wamp\www\yii\framework\web\filters\CInlineFilter.php(58): CController->filterAccessControl(Object(CFilterChain))
#12 D:\wamp\www\yii\framework\web\filters\CFilterChain.php(130): CInlineFilter->filter(Object(CFilterChain))
#13 D:\wamp\www\yii\framework\web\CController.php(291): CFilterChain->run()
#14 D:\wamp\www\yii\framework\web\CController.php(265): CController->runActionWithFilters(Object(CInlineAction), Array)
#15 D:\wamp\www\yii\framework\web\CWebApplication.php(282): CController->run('login')
#16 D:\wamp\www\yii\framework\web\CWebApplication.php(141): CWebApplication->runController('site/login')
#17 D:\wamp\www\yii\framework\base\CApplication.php(169): CWebApplication->processRequest()
#18 D:\wamp\www\yii_admin\admin.php(13): CApplication->run()
#19 {main}
REQUEST_URI=/yii_admin/admin.php?r=site/login
HTTP_REFERER=http://localhost/yii_admin/admin.php?r=backendUser
---
2013/06/06 19:42:45 [error] [exception.CException] exception 'CException' with message '属性 "SiteController.no_visible_elements" 未被定义.' in D:\wamp\www\yii\framework\base\CComponent.php:173
Stack trace:
#0 D:\wamp\www\yii_admin\protected\admin\views\site\login.php(5): CComponent->__set('no_visible_elem...', true)
#1 D:\wamp\www\yii\framework\web\CBaseController.php(126): require('D:\wamp\www\yii...')
#2 D:\wamp\www\yii\framework\web\CBaseController.php(95): CBaseController->renderInternal('D:\wamp\www\yii...', Array, true)
#3 D:\wamp\www\yii\framework\web\CController.php(869): CBaseController->renderFile('D:\wamp\www\yii...', Array, true)
#4 D:\wamp\www\yii\framework\web\CController.php(782): CController->renderPartial('login', Array, true)
#5 D:\wamp\www\yii_admin\protected\admin\controllers\SiteController.php(114): CController->render('login', Array)
#6 D:\wamp\www\yii\framework\web\actions\CInlineAction.php(49): SiteController->actionLogin()
#7 D:\wamp\www\yii\framework\web\CController.php(308): CInlineAction->runWithParams(Array)
#8 D:\wamp\www\yii\framework\web\filters\CFilterChain.php(133): CController->runAction(Object(CInlineAction))
#9 D:\wamp\www\yii\framework\web\filters\CFilter.php(40): CFilterChain->run()
#10 D:\wamp\www\yii\framework\web\CController.php(1146): CFilter->filter(Object(CFilterChain))
#11 D:\wamp\www\yii\framework\web\filters\CInlineFilter.php(58): CController->filterAccessControl(Object(CFilterChain))
#12 D:\wamp\www\yii\framework\web\filters\CFilterChain.php(130): CInlineFilter->filter(Object(CFilterChain))
#13 D:\wamp\www\yii\framework\web\CController.php(291): CFilterChain->run()
#14 D:\wamp\www\yii\framework\web\CController.php(265): CController->runActionWithFilters(Object(CInlineAction), Array)
#15 D:\wamp\www\yii\framework\web\CWebApplication.php(282): CController->run('login')
#16 D:\wamp\www\yii\framework\web\CWebApplication.php(141): CWebApplication->runController('site/login')
#17 D:\wamp\www\yii\framework\base\CApplication.php(169): CWebApplication->processRequest()
#18 D:\wamp\www\yii_admin\admin.php(13): CApplication->run()
#19 {main}
REQUEST_URI=/yii_admin/admin.php?r=site/login
HTTP_REFERER=http://localhost/yii_admin/admin.php?r=backendUser
---
2013/06/06 20:04:57 [error] [exception.CException] exception 'CException' with message '属性 "BackendUserController.password" 未被定义.' in D:\wamp\www\yii\framework\base\CComponent.php:130
Stack trace:
#0 D:\wamp\www\yii_admin\protected\admin\controllers\BackendUserController.php(78): CComponent->__get('password')
#1 D:\wamp\www\yii\framework\web\actions\CInlineAction.php(49): BackendUserController->actionCreate()
#2 D:\wamp\www\yii\framework\web\CController.php(308): CInlineAction->runWithParams(Array)
#3 D:\wamp\www\yii\framework\web\filters\CFilterChain.php(133): CController->runAction(Object(CInlineAction))
#4 D:\wamp\www\yii\framework\web\filters\CFilter.php(40): CFilterChain->run()
#5 D:\wamp\www\yii\framework\web\CController.php(1146): CFilter->filter(Object(CFilterChain))
#6 D:\wamp\www\yii\framework\web\filters\CInlineFilter.php(58): CController->filterAccessControl(Object(CFilterChain))
#7 D:\wamp\www\yii\framework\web\filters\CFilterChain.php(130): CInlineFilter->filter(Object(CFilterChain))
#8 D:\wamp\www\yii\framework\web\CController.php(291): CFilterChain->run()
#9 D:\wamp\www\yii\framework\web\CController.php(265): CController->runActionWithFilters(Object(CInlineAction), Array)
#10 D:\wamp\www\yii\framework\web\CWebApplication.php(282): CController->run('create')
#11 D:\wamp\www\yii\framework\web\CWebApplication.php(141): CWebApplication->runController('backendUser/cre...')
#12 D:\wamp\www\yii\framework\base\CApplication.php(169): CWebApplication->processRequest()
#13 D:\wamp\www\yii_admin\admin.php(13): CApplication->run()
#14 {main}
REQUEST_URI=/yii_admin/admin.php?r=backendUser/create
HTTP_REFERER=http://localhost/yii_admin/admin.php?r=backendUser/create
---
2013/06/06 20:28:47 [warning] [application] Failed to set unsafe attribute "username" of "BackendUser".
in D:\wamp\www\yii_admin\protected\admin\controllers\BackendUserController.php (75)
in D:\wamp\www\yii_admin\admin.php (13)
2013/06/06 20:28:47 [warning] [application] Failed to set unsafe attribute "password" of "BackendUser".
in D:\wamp\www\yii_admin\protected\admin\controllers\BackendUserController.php (75)
in D:\wamp\www\yii_admin\admin.php (13)
2013/06/06 20:28:47 [warning] [application] Failed to set unsafe attribute "email" of "BackendUser".
in D:\wamp\www\yii_admin\protected\admin\controllers\BackendUserController.php (75)
in D:\wamp\www\yii_admin\admin.php (13)
2013/06/06 20:28:47 [warning] [application] Failed to set unsafe attribute "true_name" of "BackendUser".
in D:\wamp\www\yii_admin\protected\admin\controllers\BackendUserController.php (75)
in D:\wamp\www\yii_admin\admin.php (13)
2013/06/06 20:28:52 [warning] [application] Failed to set unsafe attribute "username" of "BackendUser".
in D:\wamp\www\yii_admin\protected\admin\controllers\BackendUserController.php (75)
in D:\wamp\www\yii_admin\admin.php (13)
2013/06/06 20:28:52 [warning] [application] Failed to set unsafe attribute "password" of "BackendUser".
in D:\wamp\www\yii_admin\protected\admin\controllers\BackendUserController.php (75)
in D:\wamp\www\yii_admin\admin.php (13)
2013/06/06 20:28:52 [warning] [application] Failed to set unsafe attribute "email" of "BackendUser".
in D:\wamp\www\yii_admin\protected\admin\controllers\BackendUserController.php (75)
in D:\wamp\www\yii_admin\admin.php (13)
2013/06/06 20:28:52 [warning] [application] Failed to set unsafe attribute "true_name" of "BackendUser".
in D:\wamp\www\yii_admin\protected\admin\controllers\BackendUserController.php (75)
in D:\wamp\www\yii_admin\admin.php (13)
2013/06/06 20:28:53 [warning] [application] Failed to set unsafe attribute "username" of "BackendUser".
in D:\wamp\www\yii_admin\protected\admin\controllers\BackendUserController.php (75)
in D:\wamp\www\yii_admin\admin.php (13)
2013/06/06 20:28:53 [warning] [application] Failed to set unsafe attribute "password" of "BackendUser".
in D:\wamp\www\yii_admin\protected\admin\controllers\BackendUserController.php (75)
in D:\wamp\www\yii_admin\admin.php (13)
2013/06/06 20:28:53 [warning] [application] Failed to set unsafe attribute "email" of "BackendUser".
in D:\wamp\www\yii_admin\protected\admin\controllers\BackendUserController.php (75)
in D:\wamp\www\yii_admin\admin.php (13)
2013/06/06 20:28:53 [warning] [application] Failed to set unsafe attribute "true_name" of "BackendUser".
in D:\wamp\www\yii_admin\protected\admin\controllers\BackendUserController.php (75)
in D:\wamp\www\yii_admin\admin.php (13)
2013/06/06 20:28:55 [warning] [application] Failed to set unsafe attribute "username" of "BackendUser".
in D:\wamp\www\yii_admin\protected\admin\controllers\BackendUserController.php (75)
in D:\wamp\www\yii_admin\admin.php (13)
2013/06/06 20:28:55 [warning] [application] Failed to set unsafe attribute "password" of "BackendUser".
in D:\wamp\www\yii_admin\protected\admin\controllers\BackendUserController.php (75)
in D:\wamp\www\yii_admin\admin.php (13)
2013/06/06 20:28:55 [warning] [application] Failed to set unsafe attribute "email" of "BackendUser".
in D:\wamp\www\yii_admin\protected\admin\controllers\BackendUserController.php (75)
in D:\wamp\www\yii_admin\admin.php (13)
2013/06/06 20:28:55 [warning] [application] Failed to set unsafe attribute "true_name" of "BackendUser".
in D:\wamp\www\yii_admin\protected\admin\controllers\BackendUserController.php (75)
in D:\wamp\www\yii_admin\admin.php (13)
2013/06/06 20:28:56 [warning] [application] Failed to set unsafe attribute "username" of "BackendUser".
in D:\wamp\www\yii_admin\protected\admin\controllers\BackendUserController.php (75)
in D:\wamp\www\yii_admin\admin.php (13)
2013/06/06 20:28:56 [warning] [application] Failed to set unsafe attribute "password" of "BackendUser".
in D:\wamp\www\yii_admin\protected\admin\controllers\BackendUserController.php (75)
in D:\wamp\www\yii_admin\admin.php (13)
2013/06/06 20:28:56 [warning] [application] Failed to set unsafe attribute "email" of "BackendUser".
in D:\wamp\www\yii_admin\protected\admin\controllers\BackendUserController.php (75)
in D:\wamp\www\yii_admin\admin.php (13)
2013/06/06 20:28:56 [warning] [application] Failed to set unsafe attribute "true_name" of "BackendUser".
in D:\wamp\www\yii_admin\protected\admin\controllers\BackendUserController.php (75)
in D:\wamp\www\yii_admin\admin.php (13)
2013/06/06 20:28:58 [warning] [application] Failed to set unsafe attribute "username" of "BackendUser".
in D:\wamp\www\yii_admin\protected\admin\controllers\BackendUserController.php (75)
in D:\wamp\www\yii_admin\admin.php (13)
2013/06/06 20:28:58 [warning] [application] Failed to set unsafe attribute "password" of "BackendUser".
in D:\wamp\www\yii_admin\protected\admin\controllers\BackendUserController.php (75)
in D:\wamp\www\yii_admin\admin.php (13)
2013/06/06 20:28:58 [warning] [application] Failed to set unsafe attribute "email" of "BackendUser".
in D:\wamp\www\yii_admin\protected\admin\controllers\BackendUserController.php (75)
in D:\wamp\www\yii_admin\admin.php (13)
2013/06/06 20:28:58 [warning] [application] Failed to set unsafe attribute "true_name" of "BackendUser".
in D:\wamp\www\yii_admin\protected\admin\controllers\BackendUserController.php (75)
in D:\wamp\www\yii_admin\admin.php (13)
2013/06/06 20:42:49 [warning] [application] Failed to set unsafe attribute "confirmPwd" of "BackendUser".
in D:\wamp\www\yii_admin\protected\admin\controllers\BackendUserController.php (75)
in D:\wamp\www\yii_admin\admin.php (13)
2013/06/06 20:45:01 [warning] [application] Failed to set unsafe attribute "confirmPwd" of "BackendUser".
in D:\wamp\www\yii_admin\protected\admin\controllers\BackendUserController.php (75)
in D:\wamp\www\yii_admin\admin.php (13)
2013/06/06 20:52:12 [warning] [application] Failed to set unsafe attribute "confirmPwd" of "BackendUser".
in D:\wamp\www\yii_admin\protected\admin\controllers\BackendUserController.php (75)
in D:\wamp\www\yii_admin\admin.php (13)
2013/06/06 20:52:13 [warning] [application] Failed to set unsafe attribute "confirmPwd" of "BackendUser".
in D:\wamp\www\yii_admin\protected\admin\controllers\BackendUserController.php (75)
in D:\wamp\www\yii_admin\admin.php (13)
2013/06/06 20:52:27 [warning] [application] Failed to set unsafe attribute "confirmPwd" of "BackendUser".
in D:\wamp\www\yii_admin\protected\admin\controllers\BackendUserController.php (75)
in D:\wamp\www\yii_admin\admin.php (13)
2013/06/06 20:52:30 [warning] [application] Failed to set unsafe attribute "confirmPwd" of "BackendUser".
in D:\wamp\www\yii_admin\protected\admin\controllers\BackendUserController.php (75)
in D:\wamp\www\yii_admin\admin.php (13)
2013/06/06 20:59:15 [warning] [application] Failed to set unsafe attribute "confirmPwd" of "BackendUser".
in D:\wamp\www\yii_admin\protected\admin\controllers\BackendUserController.php (75)
in D:\wamp\www\yii_admin\admin.php (13)
2013/06/06 20:59:19 [warning] [application] Failed to set unsafe attribute "confirmPwd" of "BackendUser".
in D:\wamp\www\yii_admin\protected\admin\controllers\BackendUserController.php (75)
in D:\wamp\www\yii_admin\admin.php (13)
2013/06/06 20:59:22 [warning] [application] Failed to set unsafe attribute "confirmPwd" of "BackendUser".
in D:\wamp\www\yii_admin\protected\admin\controllers\BackendUserController.php (75)
in D:\wamp\www\yii_admin\admin.php (13)
2013/06/06 21:07:57 [warning] [application] Failed to set unsafe attribute "confirmPwd" of "BackendUser".
in D:\wamp\www\yii_admin\protected\admin\controllers\BackendUserController.php (100)
in D:\wamp\www\yii_admin\admin.php (13)
2013/06/06 21:08:14 [warning] [application] Failed to set unsafe attribute "confirmPwd" of "BackendUser".
in D:\wamp\www\yii_admin\protected\admin\controllers\BackendUserController.php (100)
in D:\wamp\www\yii_admin\admin.php (13)
2013/06/06 21:09:59 [warning] [application] Failed to set unsafe attribute "confirmPwd" of "BackendUser".
in D:\wamp\www\yii_admin\protected\admin\controllers\BackendUserController.php (100)
in D:\wamp\www\yii_admin\admin.php (13)
2013/06/06 21:12:15 [warning] [application] Failed to set unsafe attribute "confirmPwd" of "BackendUser".
in D:\wamp\www\yii_admin\protected\admin\controllers\BackendUserController.php (100)
in D:\wamp\www\yii_admin\admin.php (13)
2013/06/06 21:12:24 [warning] [application] Failed to set unsafe attribute "confirmPwd" of "BackendUser".
in D:\wamp\www\yii_admin\protected\admin\controllers\BackendUserController.php (100)
in D:\wamp\www\yii_admin\admin.php (13)
2013/06/06 21:12:29 [warning] [application] Failed to set unsafe attribute "confirmPwd" of "BackendUser".
in D:\wamp\www\yii_admin\protected\admin\controllers\BackendUserController.php (100)
in D:\wamp\www\yii_admin\admin.php (13)
2013/06/06 21:12:35 [warning] [application] Failed to set unsafe attribute "confirmPwd" of "BackendUser".
in D:\wamp\www\yii_admin\protected\admin\controllers\BackendUserController.php (100)
in D:\wamp\www\yii_admin\admin.php (13)
2013/06/06 21:12:42 [warning] [application] Failed to set unsafe attribute "confirmPwd" of "BackendUser".
in D:\wamp\www\yii_admin\protected\admin\controllers\BackendUserController.php (100)
in D:\wamp\www\yii_admin\admin.php (13)
2013/06/06 21:13:13 [warning] [application] Failed to set unsafe attribute "confirmPwd" of "BackendUser".
in D:\wamp\www\yii_admin\protected\admin\controllers\BackendUserController.php (100)
in D:\wamp\www\yii_admin\admin.php (13)
2013/06/06 21:13:28 [warning] [application] Failed to set unsafe attribute "confirmPwd" of "BackendUser".
in D:\wamp\www\yii_admin\protected\admin\controllers\BackendUserController.php (100)
in D:\wamp\www\yii_admin\admin.php (13)
2013/06/06 21:17:02 [warning] [application] Failed to set unsafe attribute "confirmPwd" of "BackendUser".
in D:\wamp\www\yii_admin\protected\admin\controllers\BackendUserController.php (100)
in D:\wamp\www\yii_admin\admin.php (13)
2013/06/06 21:17:16 [warning] [application] Failed to set unsafe attribute "confirmPwd" of "BackendUser".
in D:\wamp\www\yii_admin\protected\admin\controllers\BackendUserController.php (100)
in D:\wamp\www\yii_admin\admin.php (13)
2013/06/06 21:17:28 [warning] [application] Failed to set unsafe attribute "confirmPwd" of "BackendUser".
in D:\wamp\www\yii_admin\protected\admin\controllers\BackendUserController.php (100)
in D:\wamp\www\yii_admin\admin.php (13)
2013/06/06 21:19:04 [warning] [application] Failed to set unsafe attribute "confirmPwd" of "BackendUser".
in D:\wamp\www\yii_admin\protected\admin\controllers\BackendUserController.php (100)
in D:\wamp\www\yii_admin\admin.php (13)
2013/06/06 21:19:28 [warning] [application] Failed to set unsafe attribute "confirmPwd" of "BackendUser".
in D:\wamp\www\yii_admin\protected\admin\controllers\BackendUserController.php (100)
in D:\wamp\www\yii_admin\admin.php (13)
2013/06/06 21:20:21 [warning] [application] Failed to set unsafe attribute "confirmPwd" of "BackendUser".
in D:\wamp\www\yii_admin\protected\admin\controllers\BackendUserController.php (100)
in D:\wamp\www\yii_admin\admin.php (13)
2013/06/06 21:20:31 [warning] [application] Failed to set unsafe attribute "confirmPwd" of "BackendUser".
in D:\wamp\www\yii_admin\protected\admin\controllers\BackendUserController.php (100)
in D:\wamp\www\yii_admin\admin.php (13)
2013/06/06 21:29:35 [warning] [application] Failed to set unsafe attribute "confirmPwd" of "BackendUser".
in D:\wamp\www\yii_admin\protected\admin\controllers\BackendUserController.php (100)
in D:\wamp\www\yii_admin\admin.php (13)
