2013/05/17 08:03:55 [error] [exception.CException] exception 'CException' with message 'Alias "gii.GiiModule" is invalid. Make sure it points to an existing PHP file and the file is readable.' in D:\wamp\www\yii_admin\yii\framework\YiiBase.php:316
Stack trace:
#0 D:\wamp\www\yii_admin\yii\framework\YiiBase.php(196): YiiBase::import('gii.GiiModule', true)
#1 D:\wamp\www\yii_admin\yii\framework\base\CModule.php(282): YiiBase::createComponent('gii.GiiModule', 'gii', NULL, Array)
#2 D:\wamp\www\yii_admin\yii\framework\web\CWebApplication.php(337): CModule->getModule('gii')
#3 D:\wamp\www\yii_admin\yii\framework\web\CWebApplication.php(276): CWebApplication->createController('gii')
#4 D:\wamp\www\yii_admin\yii\framework\web\CWebApplication.php(141): CWebApplication->runController('gii')
#5 D:\wamp\www\yii_admin\yii\framework\base\CApplication.php(169): CWebApplication->processRequest()
#6 D:\wamp\www\yii_admin\index.php(13): CApplication->run()
#7 {main}
REQUEST_URI=/yii_admin/index.php?r=gii
---
2013/05/17 08:04:04 [error] [exception.CException] exception 'CException' with message 'Alias "gii.GiiModule" is invalid. Make sure it points to an existing PHP file and the file is readable.' in D:\wamp\www\yii_admin\yii\framework\YiiBase.php:316
Stack trace:
#0 D:\wamp\www\yii_admin\yii\framework\YiiBase.php(196): YiiBase::import('gii.GiiModule', true)
#1 D:\wamp\www\yii_admin\yii\framework\base\CModule.php(282): YiiBase::createComponent('gii.GiiModule', 'gii', NULL, Array)
#2 D:\wamp\www\yii_admin\yii\framework\web\CWebApplication.php(337): CModule->getModule('gii')
#3 D:\wamp\www\yii_admin\yii\framework\web\CWebApplication.php(276): CWebApplication->createController('gii')
#4 D:\wamp\www\yii_admin\yii\framework\web\CWebApplication.php(141): CWebApplication->runController('gii')
#5 D:\wamp\www\yii_admin\yii\framework\base\CApplication.php(169): CWebApplication->processRequest()
#6 D:\wamp\www\yii_admin\index.php(13): CApplication->run()
#7 {main}
REQUEST_URI=/yii_admin/index.php?r=gii
---
2013/05/17 08:04:04 [error] [exception.CException] exception 'CException' with message 'Alias "gii.GiiModule" is invalid. Make sure it points to an existing PHP file and the file is readable.' in D:\wamp\www\yii_admin\yii\framework\YiiBase.php:316
Stack trace:
#0 D:\wamp\www\yii_admin\yii\framework\YiiBase.php(196): YiiBase::import('gii.GiiModule', true)
#1 D:\wamp\www\yii_admin\yii\framework\base\CModule.php(282): YiiBase::createComponent('gii.GiiModule', 'gii', NULL, Array)
#2 D:\wamp\www\yii_admin\yii\framework\web\CWebApplication.php(337): CModule->getModule('gii')
#3 D:\wamp\www\yii_admin\yii\framework\web\CWebApplication.php(276): CWebApplication->createController('gii')
#4 D:\wamp\www\yii_admin\yii\framework\web\CWebApplication.php(141): CWebApplication->runController('gii')
#5 D:\wamp\www\yii_admin\yii\framework\base\CApplication.php(169): CWebApplication->processRequest()
#6 D:\wamp\www\yii_admin\index.php(13): CApplication->run()
#7 {main}
REQUEST_URI=/yii_admin/index.php?r=gii
---
2013/05/17 08:04:05 [error] [exception.CException] exception 'CException' with message 'Alias "gii.GiiModule" is invalid. Make sure it points to an existing PHP file and the file is readable.' in D:\wamp\www\yii_admin\yii\framework\YiiBase.php:316
Stack trace:
#0 D:\wamp\www\yii_admin\yii\framework\YiiBase.php(196): YiiBase::import('gii.GiiModule', true)
#1 D:\wamp\www\yii_admin\yii\framework\base\CModule.php(282): YiiBase::createComponent('gii.GiiModule', 'gii', NULL, Array)
#2 D:\wamp\www\yii_admin\yii\framework\web\CWebApplication.php(337): CModule->getModule('gii')
#3 D:\wamp\www\yii_admin\yii\framework\web\CWebApplication.php(276): CWebApplication->createController('gii')
#4 D:\wamp\www\yii_admin\yii\framework\web\CWebApplication.php(141): CWebApplication->runController('gii')
#5 D:\wamp\www\yii_admin\yii\framework\base\CApplication.php(169): CWebApplication->processRequest()
#6 D:\wamp\www\yii_admin\index.php(13): CApplication->run()
#7 {main}
REQUEST_URI=/yii_admin/index.php?r=gii
---
2013/05/17 08:04:06 [error] [exception.CException] exception 'CException' with message 'Alias "gii.GiiModule" is invalid. Make sure it points to an existing PHP file and the file is readable.' in D:\wamp\www\yii_admin\yii\framework\YiiBase.php:316
Stack trace:
#0 D:\wamp\www\yii_admin\yii\framework\YiiBase.php(196): YiiBase::import('gii.GiiModule', true)
#1 D:\wamp\www\yii_admin\yii\framework\base\CModule.php(282): YiiBase::createComponent('gii.GiiModule', 'gii', NULL, Array)
#2 D:\wamp\www\yii_admin\yii\framework\web\CWebApplication.php(337): CModule->getModule('gii')
#3 D:\wamp\www\yii_admin\yii\framework\web\CWebApplication.php(276): CWebApplication->createController('gii')
#4 D:\wamp\www\yii_admin\yii\framework\web\CWebApplication.php(141): CWebApplication->runController('gii')
#5 D:\wamp\www\yii_admin\yii\framework\base\CApplication.php(169): CWebApplication->processRequest()
#6 D:\wamp\www\yii_admin\index.php(13): CApplication->run()
#7 {main}
REQUEST_URI=/yii_admin/index.php?r=gii
---
2013/05/17 09:10:03 [error] [exception.CException] exception 'CException' with message 'MembersController has an extra endWidget(CContentDecorator) call in its view.' in D:\wamp\www\yii_admin\yii\framework\web\CBaseController.php:210
Stack trace:
#0 D:\wamp\www\yii_admin\yii\framework\web\CBaseController.php(300): CBaseController->endWidget('CContentDecorat...')
#1 D:\wamp\www\yii_admin\protected\views\layouts\column2.php(31): CBaseController->endContent()
#2 D:\wamp\www\yii_admin\yii\framework\web\CBaseController.php(126): require('D:\wamp\www\yii...')
#3 D:\wamp\www\yii_admin\yii\framework\web\CBaseController.php(95): CBaseController->renderInternal('D:\wamp\www\yii...', Array, true)
#4 D:\wamp\www\yii_admin\yii\framework\web\CController.php(784): CBaseController->renderFile('D:\wamp\www\yii...', Array, true)
#5 D:\wamp\www\yii_admin\protected\controllers\MembersController.php(148): CController->render('admin', Array)
#6 D:\wamp\www\yii_admin\yii\framework\web\actions\CInlineAction.php(49): MembersController->actionAdmin()
#7 D:\wamp\www\yii_admin\yii\framework\web\CController.php(308): CInlineAction->runWithParams(Array)
#8 D:\wamp\www\yii_admin\yii\framework\web\filters\CFilterChain.php(133): CController->runAction(Object(CInlineAction))
#9 D:\wamp\www\yii_admin\yii\framework\web\filters\CFilter.php(40): CFilterChain->run()
#10 D:\wamp\www\yii_admin\yii\framework\web\CController.php(1146): CFilter->filter(Object(CFilterChain))
#11 D:\wamp\www\yii_admin\yii\framework\web\filters\CInlineFilter.php(58): CController->filterAccessControl(Object(CFilterChain))
#12 D:\wamp\www\yii_admin\yii\framework\web\filters\CFilterChain.php(130): CInlineFilter->filter(Object(CFilterChain))
#13 D:\wamp\www\yii_admin\yii\framework\web\CController.php(291): CFilterChain->run()
#14 D:\wamp\www\yii_admin\yii\framework\web\CController.php(265): CController->runActionWithFilters(Object(CInlineAction), Array)
#15 D:\wamp\www\yii_admin\yii\framework\web\CWebApplication.php(282): CController->run('admin')
#16 D:\wamp\www\yii_admin\yii\framework\web\CWebApplication.php(141): CWebApplication->runController('members/admin')
#17 D:\wamp\www\yii_admin\yii\framework\base\CApplication.php(169): CWebApplication->processRequest()
#18 D:\wamp\www\yii_admin\index.php(13): CApplication->run()
#19 {main}
REQUEST_URI=/yii_admin/index.php?r=members/admin
---
2013/05/17 09:10:05 [error] [exception.CException] exception 'CException' with message 'MembersController has an extra endWidget(CContentDecorator) call in its view.' in D:\wamp\www\yii_admin\yii\framework\web\CBaseController.php:210
Stack trace:
#0 D:\wamp\www\yii_admin\yii\framework\web\CBaseController.php(300): CBaseController->endWidget('CContentDecorat...')
#1 D:\wamp\www\yii_admin\protected\views\layouts\column2.php(31): CBaseController->endContent()
#2 D:\wamp\www\yii_admin\yii\framework\web\CBaseController.php(126): require('D:\wamp\www\yii...')
#3 D:\wamp\www\yii_admin\yii\framework\web\CBaseController.php(95): CBaseController->renderInternal('D:\wamp\www\yii...', Array, true)
#4 D:\wamp\www\yii_admin\yii\framework\web\CController.php(784): CBaseController->renderFile('D:\wamp\www\yii...', Array, true)
#5 D:\wamp\www\yii_admin\protected\controllers\MembersController.php(148): CController->render('admin', Array)
#6 D:\wamp\www\yii_admin\yii\framework\web\actions\CInlineAction.php(49): MembersController->actionAdmin()
#7 D:\wamp\www\yii_admin\yii\framework\web\CController.php(308): CInlineAction->runWithParams(Array)
#8 D:\wamp\www\yii_admin\yii\framework\web\filters\CFilterChain.php(133): CController->runAction(Object(CInlineAction))
#9 D:\wamp\www\yii_admin\yii\framework\web\filters\CFilter.php(40): CFilterChain->run()
#10 D:\wamp\www\yii_admin\yii\framework\web\CController.php(1146): CFilter->filter(Object(CFilterChain))
#11 D:\wamp\www\yii_admin\yii\framework\web\filters\CInlineFilter.php(58): CController->filterAccessControl(Object(CFilterChain))
#12 D:\wamp\www\yii_admin\yii\framework\web\filters\CFilterChain.php(130): CInlineFilter->filter(Object(CFilterChain))
#13 D:\wamp\www\yii_admin\yii\framework\web\CController.php(291): CFilterChain->run()
#14 D:\wamp\www\yii_admin\yii\framework\web\CController.php(265): CController->runActionWithFilters(Object(CInlineAction), Array)
#15 D:\wamp\www\yii_admin\yii\framework\web\CWebApplication.php(282): CController->run('admin')
#16 D:\wamp\www\yii_admin\yii\framework\web\CWebApplication.php(141): CWebApplication->runController('members/admin')
#17 D:\wamp\www\yii_admin\yii\framework\base\CApplication.php(169): CWebApplication->processRequest()
#18 D:\wamp\www\yii_admin\index.php(13): CApplication->run()
#19 {main}
REQUEST_URI=/yii_admin/index.php?r=members/admin
---
2013/05/17 09:20:04 [error] [php] Invalid argument supplied for foreach() (D:\wamp\www\yii_admin\protected\extensions\bootstrap\widgets\TbBaseMenu.php:163)
Stack trace:
#0 D:\wamp\www\yii_admin\yii\framework\web\CBaseController.php(147): TbMenu->init()
#1 D:\wamp\www\yii_admin\yii\framework\web\CBaseController.php(172): MembersController->createWidget()
#2 D:\wamp\www\yii_admin\protected\views\layouts\column2.php(15): MembersController->widget()
#3 D:\wamp\www\yii_admin\yii\framework\web\CBaseController.php(126): require()
#4 D:\wamp\www\yii_admin\yii\framework\web\CBaseController.php(95): MembersController->renderInternal()
#5 D:\wamp\www\yii_admin\yii\framework\web\CController.php(784): MembersController->renderFile()
#6 D:\wamp\www\yii_admin\protected\controllers\MembersController.php(148): MembersController->render()
#7 D:\wamp\www\yii_admin\yii\framework\web\actions\CInlineAction.php(49): MembersController->actionAdmin()
#8 D:\wamp\www\yii_admin\yii\framework\web\CController.php(308): CInlineAction->runWithParams()
#9 D:\wamp\www\yii_admin\yii\framework\web\filters\CFilterChain.php(133): MembersController->runAction()
#10 D:\wamp\www\yii_admin\yii\framework\web\filters\CFilter.php(40): CFilterChain->run()
#11 D:\wamp\www\yii_admin\yii\framework\web\CController.php(1146): CAccessControlFilter->filter()
#12 D:\wamp\www\yii_admin\yii\framework\web\filters\CInlineFilter.php(58): MembersController->filterAccessControl()
#13 D:\wamp\www\yii_admin\yii\framework\web\filters\CFilterChain.php(130): CInlineFilter->filter()
#14 D:\wamp\www\yii_admin\yii\framework\web\CController.php(291): CFilterChain->run()
#15 D:\wamp\www\yii_admin\yii\framework\web\CController.php(265): MembersController->runActionWithFilters()
#16 D:\wamp\www\yii_admin\yii\framework\web\CWebApplication.php(282): MembersController->run()
#17 D:\wamp\www\yii_admin\yii\framework\web\CWebApplication.php(141): CWebApplication->runController()
#18 D:\wamp\www\yii_admin\yii\framework\base\CApplication.php(169): CWebApplication->processRequest()
#19 D:\wamp\www\yii_admin\index.php(13): CWebApplication->run()
REQUEST_URI=/yii_admin/index.php?r=members/admin
in D:\wamp\www\yii_admin\protected\extensions\bootstrap\widgets\TbBaseMenu.php (163)
in D:\wamp\www\yii_admin\protected\extensions\bootstrap\widgets\TbMenu.php (46)
in D:\wamp\www\yii_admin\protected\views\layouts\column2.php (15)
2013/05/17 09:20:22 [error] [php] Invalid argument supplied for foreach() (D:\wamp\www\yii_admin\yii\framework\zii\widgets\CMenu.php:260)
Stack trace:
#0 D:\wamp\www\yii_admin\yii\framework\web\CBaseController.php(147): CMenu->init()
#1 D:\wamp\www\yii_admin\yii\framework\web\CBaseController.php(172): MembersController->createWidget()
#2 D:\wamp\www\yii_admin\protected\views\layouts\column2.php(37): MembersController->widget()
#3 D:\wamp\www\yii_admin\yii\framework\web\CBaseController.php(126): require()
#4 D:\wamp\www\yii_admin\yii\framework\web\CBaseController.php(95): MembersController->renderInternal()
#5 D:\wamp\www\yii_admin\yii\framework\web\CController.php(784): MembersController->renderFile()
#6 D:\wamp\www\yii_admin\protected\controllers\MembersController.php(148): MembersController->render()
#7 D:\wamp\www\yii_admin\yii\framework\web\actions\CInlineAction.php(49): MembersController->actionAdmin()
#8 D:\wamp\www\yii_admin\yii\framework\web\CController.php(308): CInlineAction->runWithParams()
#9 D:\wamp\www\yii_admin\yii\framework\web\filters\CFilterChain.php(133): MembersController->runAction()
#10 D:\wamp\www\yii_admin\yii\framework\web\filters\CFilter.php(40): CFilterChain->run()
#11 D:\wamp\www\yii_admin\yii\framework\web\CController.php(1146): CAccessControlFilter->filter()
#12 D:\wamp\www\yii_admin\yii\framework\web\filters\CInlineFilter.php(58): MembersController->filterAccessControl()
#13 D:\wamp\www\yii_admin\yii\framework\web\filters\CFilterChain.php(130): CInlineFilter->filter()
#14 D:\wamp\www\yii_admin\yii\framework\web\CController.php(291): CFilterChain->run()
#15 D:\wamp\www\yii_admin\yii\framework\web\CController.php(265): MembersController->runActionWithFilters()
#16 D:\wamp\www\yii_admin\yii\framework\web\CWebApplication.php(282): MembersController->run()
#17 D:\wamp\www\yii_admin\yii\framework\web\CWebApplication.php(141): CWebApplication->runController()
#18 D:\wamp\www\yii_admin\yii\framework\base\CApplication.php(169): CWebApplication->processRequest()
#19 D:\wamp\www\yii_admin\index.php(13): CWebApplication->run()
REQUEST_URI=/yii_admin/index.php?r=members/admin
in D:\wamp\www\yii_admin\protected\views\layouts\column2.php (37)
in D:\wamp\www\yii_admin\protected\controllers\MembersController.php (148)
in D:\wamp\www\yii_admin\index.php (13)
